2013-03-20 14:42:39,904 INFO  [WSIAdapterCoap.java:363] - Sent Request: 33036#fec0:0:0:1::1#1#wkc
2013-03-20 14:44:10,127 INFO  [WSIAdapterCoap.java:452] - Sent Request: CON, GET, MsgId: 25249, #Options: 1
2013-03-20 14:44:13,131 INFO  [WSIAdapterCoap.java:501] - Received response code: Content_205
2013-03-20 14:44:13,132 INFO  [WSIAdapterCoap.java:502] - CoAP Message ID: 25249
2013-03-20 14:44:13,227 INFO  [WSIAdapterCoap.java:503] - Content Type: link_format
2013-03-20 14:44:13,227 INFO  [WSIAdapterCoap.java:504] - CoAP Server address: wiserver.dis.uniroma1.it/151.100.59.102
2013-03-20 14:44:13,238 INFO  [WSIAdapterCoap.java:473] - Sent Request: CON, GET, MsgId: 25250, #Options: 1
2013-03-20 14:44:13,569 INFO  [WSIAdapterCoap.java:501] - Received response code: Content_205
2013-03-20 14:44:13,569 INFO  [WSIAdapterCoap.java:502] - CoAP Message ID: 25250
2013-03-20 14:44:13,570 INFO  [WSIAdapterCoap.java:503] - Content Type: octet_stream
2013-03-20 14:44:13,570 INFO  [WSIAdapterCoap.java:504] - CoAP Server address: wiserver.dis.uniroma1.it/151.100.59.102
2013-03-20 14:44:13,577 INFO  [WSIAdapterCoap.java:473] - Sent Request: CON, GET, MsgId: 25251, #Options: 1
2013-03-20 14:44:13,749 INFO  [WSIAdapterCoap.java:501] - Received response code: Content_205
2013-03-20 14:44:13,750 INFO  [WSIAdapterCoap.java:502] - CoAP Message ID: 25251
2013-03-20 14:44:13,750 INFO  [WSIAdapterCoap.java:503] - Content Type: octet_stream
2013-03-20 14:44:13,751 INFO  [WSIAdapterCoap.java:504] - CoAP Server address: wiserver.dis.uniroma1.it/151.100.59.102
2013-03-20 14:44:29,694 INFO  [WSIAdapterCoap.java:452] - Sent Request: CON, GET, MsgId: 45145, #Options: 1
2013-03-20 14:44:29,771 INFO  [WSIAdapterCoap.java:501] - Received response code: Content_205
2013-03-20 14:44:29,771 INFO  [WSIAdapterCoap.java:502] - CoAP Message ID: 45145
2013-03-20 14:44:29,775 INFO  [WSIAdapterCoap.java:503] - Content Type: link_format
2013-03-20 14:44:29,775 INFO  [WSIAdapterCoap.java:504] - CoAP Server address: wiserver.dis.uniroma1.it/151.100.59.102
2013-03-20 14:44:29,780 INFO  [WSIAdapterCoap.java:473] - Sent Request: CON, GET, MsgId: 45146, #Options: 1
2013-03-20 14:44:30,076 INFO  [WSIAdapterCoap.java:501] - Received response code: Content_205
2013-03-20 14:44:30,076 INFO  [WSIAdapterCoap.java:502] - CoAP Message ID: 45146
2013-03-20 14:44:30,077 INFO  [WSIAdapterCoap.java:503] - Content Type: octet_stream
2013-03-20 14:44:30,077 INFO  [WSIAdapterCoap.java:504] - CoAP Server address: wiserver.dis.uniroma1.it/151.100.59.102
